<?xml version="1.0" encoding="UTF-8"?>
<!-- Generated by org.testng.reporters.JUnitXMLReporter -->
<testsuite hostname="Ankit-PC" ignored="0" name="Test" tests="5" failures="0" timestamp="10 Aug 2018 04:37:11 GMT" time="71.84" errors="0">
  <testcase name="verifyInvalidLogin" time="19.896" classname="com.vtiger.tests.LoginPageValidation"/>
  <testcase name="verifyLoginTheme" time="0.428" classname="com.vtiger.tests.LoginPageValidation"/>
  <testcase name="verifyLogo" time="0.09" classname="com.vtiger.tests.LoginPageValidation"/>
  <testcase name="verifyTitle" time="0.055" classname="com.vtiger.tests.LoginPageValidation"/>
  <testcase name="verifyValidLogin" time="22.146" classname="com.vtiger.tests.LoginPageValidation"/>
</testsuite> <!-- Test -->
