<?xml version="1.0" encoding="UTF-8"?>
<!-- Generated by org.testng.reporters.JUnitXMLReporter -->
<testsuite hostname="Ankit-PC" ignored="0" name="Default test" tests="5" failures="0" timestamp="10 Aug 2018 07:07:07 GMT" time="22.185" errors="0">
  <testcase name="verifyInvalidLogin" time="6.249" classname="com.vtiger.tests.LoginPageValidation"/>
  <testcase name="verifyLoginTheme" time="0.307" classname="com.vtiger.tests.LoginPageValidation"/>
  <testcase name="verifyLogo" time="0.189" classname="com.vtiger.tests.LoginPageValidation"/>
  <testcase name="verifyTitle" time="0.225" classname="com.vtiger.tests.LoginPageValidation"/>
  <testcase name="verifyValidLogin" time="6.241" classname="com.vtiger.tests.LoginPageValidation"/>
</testsuite> <!-- Default test -->
